<?xml version="1.0" encoding="UTF-8"?>
<testng-results ignored="0" total="3" passed="3" failed="0" skipped="0">
  <reporter-output>
  </reporter-output>
  <suite started-at="2021-09-23T08:41:07 IST" name="Default suite" finished-at="2021-09-23T08:41:11 IST" duration-ms="3537">
    <groups>
    </groups>
    <test started-at="2021-09-23T08:41:07 IST" name="Default test" finished-at="2021-09-23T08:41:11 IST" duration-ms="3537">
      <class name="newvent">
        <test-method signature="POSTAPI()[pri:1, instance:newvent@7d3a22a9]" started-at="2021-09-23T08:41:07 IST" name="POSTAPI" finished-at="2021-09-23T08:41:11 IST" duration-ms="3323" status="PASS">
          <reporter-output>
          </reporter-output>
        </test-method> <!-- POSTAPI -->
        <test-method signature="GETAPI()[pri:2, instance:newvent@7d3a22a9]" started-at="2021-09-23T08:41:11 IST" name="GETAPI" finished-at="2021-09-23T08:41:11 IST" duration-ms="112" status="PASS">
          <reporter-output>
          </reporter-output>
        </test-method> <!-- GETAPI -->
        <test-method signature="DELETEAPI()[pri:3, instance:newvent@7d3a22a9]" started-at="2021-09-23T08:41:11 IST" name="DELETEAPI" finished-at="2021-09-23T08:41:11 IST" duration-ms="64" status="PASS">
          <reporter-output>
          </reporter-output>
        </test-method> <!-- DELETEAPI -->
      </class> <!-- newvent -->
    </test> <!-- Default test -->
  </suite> <!-- Default suite -->
</testng-results>
